<?xml version="1.0" encoding="UTF-8"?>
<!-- Generated by org.testng.reporters.JUnitXMLReporter -->
<testsuite hostname="LAP0002717" ignored="3" tests="2" failures="0" timestamp="23 Jul 2019 05:07:40 GMT" time="2.173" errors="0">
  <testcase name="posttest" time="2.053" classname="case1"/>
  <testcase name="posttest" time="0.073" classname="case1"/>
  <testcase name="getF1search" time="0.0" classname="case1">
    <ignored/>
  </testcase> <!-- getF1search -->
  <testcase name="getF1Detail" time="0.0" classname="case1">
    <ignored/>
  </testcase> <!-- getF1Detail -->
  <testcase name="getF1Review" time="0.0" classname="case1">
    <ignored/>
  </testcase> <!-- getF1Review -->
</testsuite>
